<?xml version="1.0" encoding="UTF-8"?>
<!-- Generated by org.testng.reporters.JUnitXMLReporter -->
<testsuite hostname="khaled-HP-Pavilion-15-Notebook-PC" name="test" tests="2" failures="1" timestamp="9 Mar 2019 09:40:27 GMT" time="16.273" errors="0">
  <testcase name="checkgoogleURL" time="2.523" classname="TestPkg.test1"/>
  <testcase name="loginEmail" time="4.616" classname="TestPkg.test1">
    <failure type="java.lang.AssertionError" message="expected [https://www.google.com/?gws_rd=sslfailed] but found [http://www.google.com]">
      <![CDATA[java.lang.AssertionError: expected [https://www.google.com/?gws_rd=sslfailed] but found [http://www.google.com]
	at TestPkg.test1.loginEmail(test1.java:27)
... Removed 29 stack frames]]>
    </failure>
  </testcase> <!-- loginEmail -->
</testsuite> <!-- test -->
